2026-03-14 23:00:11 [warn]: ⚠️  Firebase env vars missing — skipping Firebase initialization (local dev mode)
2026-03-14 23:00:11 [warn]: ⚠️  Firebase env vars missing — skipping Firebase initialization (local dev mode)
2026-03-14 23:00:11 [warn]: ⚠️  Firebase env vars missing — skipping Firebase initialization (local dev mode)
2026-03-14 23:00:12 [info]: ✅ Database connected successfully
2026-03-14 23:00:12 [info]: ✅ Database connected successfully
2026-03-14 23:00:12 [info]: ✅ Database connected successfully
2026-03-14 23:00:12 [info]: ================================================
2026-03-14 23:00:12 [info]: 🚀 Vysion Analytics API v2.0.0
2026-03-14 23:00:12 [info]: 🌍 Environment: development
2026-03-14 23:00:12 [info]: 📡 Server running on port 3002
2026-03-14 23:00:12 [info]: 🔗 API URL: http://localhost:3002/api
2026-03-14 23:00:12 [info]: ✅ Database connected
2026-03-14 23:00:12 [info]: ================================================
2026-03-14 23:23:22 [warn]: ⚠️  Firebase env vars missing — skipping Firebase initialization (local dev mode)
2026-03-14 23:23:22 [warn]: ⚠️  Firebase env vars missing — skipping Firebase initialization (local dev mode)
2026-03-14 23:23:23 [info]: ✅ Database connected successfully
2026-03-14 23:23:23 [info]: ================================================
2026-03-14 23:23:23 [info]: 🚀 Vysion Analytics API v2.0.0
2026-03-14 23:23:23 [info]: 🌍 Environment: development
2026-03-14 23:23:23 [info]: 📡 Server running on port 3002
2026-03-14 23:23:23 [info]: 🔗 API URL: http://localhost:3002/api
2026-03-14 23:23:23 [info]: ✅ Database connected
2026-03-14 23:23:23 [info]: ================================================
2026-03-14 23:23:23 [info]: ✅ Database connected successfully
2026-03-14 23:23:22 [warn]: ⚠️  Firebase env vars missing — skipping Firebase initialization (local dev mode)
2026-03-14 23:23:23 [info]: ✅ Database connected successfully
2026-03-14 23:23:29 [warn]: ⚠️  Firebase env vars missing — skipping Firebase initialization (local dev mode)
2026-03-14 23:23:29 [warn]: ⚠️  Firebase env vars missing — skipping Firebase initialization (local dev mode)
2026-03-14 23:23:29 [info]: ✅ Database connected successfully
2026-03-14 23:23:29 [info]: ================================================
2026-03-14 23:23:29 [info]: 🚀 Vysion Analytics API v2.0.0
2026-03-14 23:23:29 [info]: 🌍 Environment: development
2026-03-14 23:23:29 [info]: 📡 Server running on port 3002
2026-03-14 23:23:29 [info]: 🔗 API URL: http://localhost:3002/api
2026-03-14 23:23:29 [info]: ✅ Database connected
2026-03-14 23:23:29 [info]: ================================================
2026-03-14 23:23:29 [info]: ✅ Database connected successfully
2026-03-14 23:23:29 [warn]: ⚠️  Firebase env vars missing — skipping Firebase initialization (local dev mode)
2026-03-14 23:23:29 [info]: ✅ Database connected successfully
2026-03-14 23:23:51 [warn]: ⚠️  Firebase env vars missing — skipping Firebase initialization (local dev mode)
2026-03-14 23:23:51 [warn]: ⚠️  Firebase env vars missing — skipping Firebase initialization (local dev mode)
2026-03-14 23:23:51 [warn]: ⚠️  Firebase env vars missing — skipping Firebase initialization (local dev mode)
2026-03-14 23:23:52 [info]: ✅ Database connected successfully
2026-03-14 23:23:52 [info]: ================================================
2026-03-14 23:23:52 [info]: 🚀 Vysion Analytics API v2.0.0
2026-03-14 23:23:52 [info]: 🌍 Environment: development
2026-03-14 23:23:52 [info]: 📡 Server running on port 3002
2026-03-14 23:23:52 [info]: 🔗 API URL: http://localhost:3002/api
2026-03-14 23:23:52 [info]: ✅ Database connected
2026-03-14 23:23:52 [info]: ================================================
2026-03-14 23:23:52 [info]: ✅ Database connected successfully
2026-03-14 23:23:52 [info]: ✅ Database connected successfully
2026-03-14 23:24:44 [warn]: ⚠️  Firebase env vars missing — skipping Firebase initialization (local dev mode)
2026-03-14 23:24:44 [warn]: ⚠️  Firebase env vars missing — skipping Firebase initialization (local dev mode)
2026-03-14 23:24:44 [warn]: ⚠️  Firebase env vars missing — skipping Firebase initialization (local dev mode)
2026-03-14 23:24:45 [info]: ✅ Database connected successfully
2026-03-14 23:24:45 [info]: ================================================
2026-03-14 23:24:45 [info]: 🚀 Vysion Analytics API v2.0.0
2026-03-14 23:24:45 [info]: 🌍 Environment: development
2026-03-14 23:24:45 [info]: 📡 Server running on port 3002
2026-03-14 23:24:45 [info]: 🔗 API URL: http://localhost:3002/api
2026-03-14 23:24:45 [info]: ✅ Database connected
2026-03-14 23:24:45 [info]: ================================================
2026-03-14 23:24:45 [info]: ✅ Database connected successfully
2026-03-14 23:24:45 [info]: ✅ Database connected successfully
2026-03-14 23:24:50 [warn]: ⚠️  Firebase env vars missing — skipping Firebase initialization (local dev mode)
2026-03-14 23:24:51 [info]: ✅ Database connected successfully
2026-03-14 23:24:51 [info]: ================================================
2026-03-14 23:24:51 [info]: 🚀 Vysion Analytics API v2.0.0
2026-03-14 23:24:51 [info]: 🌍 Environment: development
2026-03-14 23:24:51 [info]: 📡 Server running on port 3002
2026-03-14 23:24:51 [info]: 🔗 API URL: http://localhost:3002/api
2026-03-14 23:24:51 [info]: ✅ Database connected
2026-03-14 23:24:51 [info]: ================================================
2026-03-14 23:24:50 [warn]: ⚠️  Firebase env vars missing — skipping Firebase initialization (local dev mode)
2026-03-14 23:24:51 [info]: ✅ Database connected successfully
2026-03-14 23:24:50 [warn]: ⚠️  Firebase env vars missing — skipping Firebase initialization (local dev mode)
2026-03-14 23:24:51 [info]: ✅ Database connected successfully
2026-03-14 23:26:23 [warn]: ⚠️  Firebase env vars missing — skipping Firebase initialization (local dev mode)
2026-03-14 23:26:24 [info]: ✅ Database connected successfully
2026-03-14 23:26:24 [info]: ================================================
2026-03-14 23:26:24 [info]: 🚀 Vysion Analytics API v2.0.0
2026-03-14 23:26:24 [info]: 🌍 Environment: development
2026-03-14 23:26:24 [info]: 📡 Server running on port 3002
2026-03-14 23:26:24 [info]: 🔗 API URL: http://localhost:3002/api
2026-03-14 23:26:24 [info]: ✅ Database connected
2026-03-14 23:26:24 [info]: ================================================
2026-03-14 23:26:53 [warn]: ⚠️  Firebase env vars missing — skipping Firebase initialization (local dev mode)
2026-03-14 23:26:54 [info]: ✅ Database connected successfully
2026-03-14 23:26:54 [info]: ================================================
2026-03-14 23:26:54 [info]: 🚀 Vysion Analytics API v2.0.0
2026-03-14 23:26:54 [info]: 🌍 Environment: development
2026-03-14 23:26:54 [info]: 📡 Server running on port 3002
2026-03-14 23:26:54 [info]: 🔗 API URL: http://localhost:3002/api
2026-03-14 23:26:54 [info]: ✅ Database connected
2026-03-14 23:26:54 [info]: ================================================
