2026-03-14 23:00:12 [error]: Error: listen EADDRINUSE: address already in use :::3002
    at Server.setupListenHandle [as _listen2] (node:net:1948:16)
    at listenInCluster (node:net:2005:12)
    at Server.listen (node:net:2110:7)
    at app.listen (D:\football-scout\node_modules\express\lib\application.js:635:24)
    at startServer (D:\football-scout\apps\new-backend\src\server.ts:75:9)
2026-03-14 23:00:12 [error]: Error: listen EADDRINUSE: address already in use :::3002
    at Server.setupListenHandle [as _listen2] (node:net:1948:16)
    at listenInCluster (node:net:2005:12)
    at Server.listen (node:net:2110:7)
    at app.listen (D:\football-scout\node_modules\express\lib\application.js:635:24)
    at startServer (D:\football-scout\apps\new-backend\src\server.ts:75:9)
2026-03-14 23:23:23 [error]: Error: listen EADDRINUSE: address already in use :::3002
    at Server.setupListenHandle [as _listen2] (node:net:1948:16)
    at listenInCluster (node:net:2005:12)
    at Server.listen (node:net:2110:7)
    at app.listen (D:\football-scout\node_modules\express\lib\application.js:635:24)
    at startServer (D:\football-scout\apps\new-backend\src\server.ts:75:9)
2026-03-14 23:23:23 [error]: Error: listen EADDRINUSE: address already in use :::3002
    at Server.setupListenHandle [as _listen2] (node:net:1948:16)
    at listenInCluster (node:net:2005:12)
    at Server.listen (node:net:2110:7)
    at app.listen (D:\football-scout\node_modules\express\lib\application.js:635:24)
    at startServer (D:\football-scout\apps\new-backend\src\server.ts:75:9)
2026-03-14 23:23:29 [error]: Error: listen EADDRINUSE: address already in use :::3002
    at Server.setupListenHandle [as _listen2] (node:net:1948:16)
    at listenInCluster (node:net:2005:12)
    at Server.listen (node:net:2110:7)
    at app.listen (D:\football-scout\node_modules\express\lib\application.js:635:24)
    at startServer (D:\football-scout\apps\new-backend\src\server.ts:75:9)
2026-03-14 23:23:30 [error]: Error: listen EADDRINUSE: address already in use :::3002
    at Server.setupListenHandle [as _listen2] (node:net:1948:16)
    at listenInCluster (node:net:2005:12)
    at Server.listen (node:net:2110:7)
    at app.listen (D:\football-scout\node_modules\express\lib\application.js:635:24)
    at startServer (D:\football-scout\apps\new-backend\src\server.ts:75:9)
2026-03-14 23:23:52 [error]: Error: listen EADDRINUSE: address already in use :::3002
    at Server.setupListenHandle [as _listen2] (node:net:1948:16)
    at listenInCluster (node:net:2005:12)
    at Server.listen (node:net:2110:7)
    at app.listen (D:\football-scout\node_modules\express\lib\application.js:635:24)
    at startServer (D:\football-scout\apps\new-backend\src\server.ts:75:9)
2026-03-14 23:23:52 [error]: Error: listen EADDRINUSE: address already in use :::3002
    at Server.setupListenHandle [as _listen2] (node:net:1948:16)
    at listenInCluster (node:net:2005:12)
    at Server.listen (node:net:2110:7)
    at app.listen (D:\football-scout\node_modules\express\lib\application.js:635:24)
    at startServer (D:\football-scout\apps\new-backend\src\server.ts:75:9)
2026-03-14 23:24:45 [error]: Error: listen EADDRINUSE: address already in use :::3002
    at Server.setupListenHandle [as _listen2] (node:net:1948:16)
    at listenInCluster (node:net:2005:12)
    at Server.listen (node:net:2110:7)
    at app.listen (D:\football-scout\node_modules\express\lib\application.js:635:24)
    at startServer (D:\football-scout\apps\new-backend\src\server.ts:75:9)
2026-03-14 23:24:45 [error]: Error: listen EADDRINUSE: address already in use :::3002
    at Server.setupListenHandle [as _listen2] (node:net:1948:16)
    at listenInCluster (node:net:2005:12)
    at Server.listen (node:net:2110:7)
    at app.listen (D:\football-scout\node_modules\express\lib\application.js:635:24)
    at startServer (D:\football-scout\apps\new-backend\src\server.ts:75:9)
2026-03-14 23:24:51 [error]: Error: listen EADDRINUSE: address already in use :::3002
    at Server.setupListenHandle [as _listen2] (node:net:1948:16)
    at listenInCluster (node:net:2005:12)
    at Server.listen (node:net:2110:7)
    at app.listen (D:\football-scout\node_modules\express\lib\application.js:635:24)
    at startServer (D:\football-scout\apps\new-backend\src\server.ts:75:9)
2026-03-14 23:24:51 [error]: Error: listen EADDRINUSE: address already in use :::3002
    at Server.setupListenHandle [as _listen2] (node:net:1948:16)
    at listenInCluster (node:net:2005:12)
    at Server.listen (node:net:2110:7)
    at app.listen (D:\football-scout\node_modules\express\lib\application.js:635:24)
    at startServer (D:\football-scout\apps\new-backend\src\server.ts:75:9)
